<?xml version="1.0" encoding="UTF-8"?>
<robot generator="Robot 4.0 (Python 3.9.1 on win32)" generated="20210505 05:53:04.020" rpa="false" schemaversion="2">
<suite id="s1" name="Tests" source="C:\RobotFramework\robotPlaywright\Tests">
<suite id="s1-s1" name="TC01 - firstTest" source="C:\RobotFramework\robotPlaywright\Tests\TC01 - firstTest.robot">
<kw name="Start session" library="base" type="SETUP">
<kw name="New Browser" library="Browser">
<arg>${BROWSER}</arg>
<tag>BrowserControl</tag>
<tag>Setter</tag>
<doc>Create a new playwright Browser with specified options.
See `Browser, Context and Page` for more information about Browser and related concepts.</doc>
<msg timestamp="20210505 05:53:06.257" level="INFO">{"browser": "chromium", "headless": true, "handleSIGINT": true, "handleSIGTERM": true, "handleSIGHUP": true, "timeout": 30000.0, "devtools": false, "slowMo": 0.0}</msg>
<msg timestamp="20210505 05:53:06.446" level="INFO">Successfully created browser with options: {"browser":"chromium","headless":true,"handleSIGINT":true,"handleSIGTERM":true,"handleSIGHUP":true,"timeout":30000,"devtools":false,"slowMo":0}</msg>
<status status="PASS" starttime="20210505 05:53:06.257" endtime="20210505 05:53:06.447"/>
</kw>
<kw name="New Page" library="Browser">
<arg>${BASE_URL}</arg>
<tag>BrowserControl</tag>
<tag>Setter</tag>
<doc>Open a new Page. A Page is the Playwright equivalent to a tab.
See `Browser, Context and Page` for more information about Page concept.
Returns a stable identifier for the created page.</doc>
<msg timestamp="20210505 05:53:09.895" level="INFO">Successfully initialized new page object and opened url: http://parodifood.qaninja.academy/</msg>
<status status="PASS" starttime="20210505 05:53:06.447" endtime="20210505 05:53:09.895"/>
</kw>
<kw name="Set Browser Timeout" library="Browser">
<arg>${TIMEOUT}</arg>
<tag>Config</tag>
<tag>Setter</tag>
<doc>Sets the timeout used by most input and getter keywords.</doc>
<msg timestamp="20210505 05:53:09.898" level="INFO">Set timeout to: 15000</msg>
<status status="PASS" starttime="20210505 05:53:09.895" endtime="20210505 05:53:09.898"/>
</kw>
<kw name="Set Viewport Size" library="Browser">
<arg>${WIDTH}</arg>
<arg>${HEIGHT}</arg>
<tag>BrowserControl</tag>
<tag>Setter</tag>
<doc>Sets current Pages viewport size to specified dimensions.</doc>
<msg timestamp="20210505 05:53:09.908" level="INFO">Set viewport size to: [object Object]</msg>
<status status="PASS" starttime="20210505 05:53:09.898" endtime="20210505 05:53:09.908"/>
</kw>
<status status="PASS" starttime="20210505 05:53:06.256" endtime="20210505 05:53:09.908"/>
</kw>
<test id="s1-s1-t1" name="Star a page and visit">
<kw name="Given that I visit the home page">
<kw name="Get Title" library="Browser">
<arg>should be</arg>
<arg>Parodifood | QAninja Academy</arg>
<tag>Assertion</tag>
<tag>Getter</tag>
<tag>PageContent</tag>
<doc>Returns the title of the current page.</doc>
<status status="PASS" starttime="20210505 05:53:09.949" endtime="20210505 05:53:09.953"/>
</kw>
<status status="PASS" starttime="20210505 05:53:09.949" endtime="20210505 05:53:09.953"/>
</kw>
<status status="PASS" starttime="20210505 05:53:09.908" endtime="20210505 05:53:09.954"/>
</test>
<kw name="Close session" library="base" type="TEARDOWN">
<kw name="Take Screenshot" library="Browser">
<tag>PageContent</tag>
<doc>Takes a screenshot of the current window and saves it to ``path``. Saves it as a png.</doc>
<msg timestamp="20210505 05:53:10.040" level="INFO" html="true">&lt;/td&gt;&lt;/tr&gt;&lt;tr&gt;&lt;td colspan="3"&gt;&lt;a href="browser/screenshot/robotframework-browser-screenshot-1.png"&gt;&lt;img src="browser/screenshot/robotframework-browser-screenshot-1.png" width="800px"&gt;&lt;/a&gt;</msg>
<status status="PASS" starttime="20210505 05:53:09.959" endtime="20210505 05:53:10.040"/>
</kw>
<kw name="Close Browser" library="Browser">
<tag>BrowserControl</tag>
<tag>Setter</tag>
<doc>Closes the current browser. Activated browser is set to first active browser.
Closes all context and pages belonging to this browser.
See `Browser, Context and Page` for more information about Browser and related concepts.</doc>
<msg timestamp="20210505 05:53:10.080" level="INFO">Closed browser</msg>
<status status="PASS" starttime="20210505 05:53:10.040" endtime="20210505 05:53:10.081"/>
</kw>
<status status="PASS" starttime="20210505 05:53:09.959" endtime="20210505 05:53:10.081"/>
</kw>
<status status="PASS" starttime="20210505 05:53:04.040" endtime="20210505 05:53:10.081"/>
</suite>
<status status="PASS" starttime="20210505 05:53:04.021" endtime="20210505 05:53:10.084"/>
</suite>
<statistics>
<total>
<stat pass="1" fail="0" skip="0">All Tests</stat>
</total>
<tag>
</tag>
<suite>
<stat pass="1" fail="0" skip="0" id="s1" name="Tests">Tests</stat>
<stat pass="1" fail="0" skip="0" id="s1-s1" name="TC01 - firstTest">Tests.TC01 - firstTest</stat>
</suite>
</statistics>
<errors>
</errors>
</robot>
