<?xml version="1.0" encoding="UTF-8"?>
<robot generator="Robot 4.0 (Python 3.9.1 on win32)" generated="20210505 06:08:26.506" rpa="false" schemaversion="2">
<suite id="s1" name="Tests" source="C:\RobotFramework\robotPlaywright\Tests">
<suite id="s1-s1" name="TC01 - visitHome" source="C:\RobotFramework\robotPlaywright\Tests\TC01 - visitHome.robot">
<kw name="Start session" library="base" type="SETUP">
<kw name="New Browser" library="Browser">
<arg>${BROWSER}</arg>
<tag>BrowserControl</tag>
<tag>Setter</tag>
<doc>Create a new playwright Browser with specified options.
See `Browser, Context and Page` for more information about Browser and related concepts.</doc>
<msg timestamp="20210505 06:08:27.226" level="INFO">{"browser": "chromium", "headless": true, "handleSIGINT": true, "handleSIGTERM": true, "handleSIGHUP": true, "timeout": 30000.0, "devtools": false, "slowMo": 0.0}</msg>
<msg timestamp="20210505 06:08:27.389" level="INFO">Successfully created browser with options: {"browser":"chromium","headless":true,"handleSIGINT":true,"handleSIGTERM":true,"handleSIGHUP":true,"timeout":30000,"devtools":false,"slowMo":0}</msg>
<status status="PASS" starttime="20210505 06:08:27.226" endtime="20210505 06:08:27.389"/>
</kw>
<kw name="New Page" library="Browser">
<arg>${BASE_URL}</arg>
<tag>BrowserControl</tag>
<tag>Setter</tag>
<doc>Open a new Page. A Page is the Playwright equivalent to a tab.
See `Browser, Context and Page` for more information about Page concept.
Returns a stable identifier for the created page.</doc>
<msg timestamp="20210505 06:08:33.564" level="INFO">Successfully initialized new page object and opened url: http://parodifood.qaninja.academy/</msg>
<status status="PASS" starttime="20210505 06:08:27.389" endtime="20210505 06:08:33.565"/>
</kw>
<kw name="Set Browser Timeout" library="Browser">
<arg>${TIMEOUT}</arg>
<tag>Config</tag>
<tag>Setter</tag>
<doc>Sets the timeout used by most input and getter keywords.</doc>
<msg timestamp="20210505 06:08:33.567" level="INFO">Set timeout to: 15000</msg>
<status status="PASS" starttime="20210505 06:08:33.565" endtime="20210505 06:08:33.567"/>
</kw>
<kw name="Set Viewport Size" library="Browser">
<arg>${WIDTH}</arg>
<arg>${HEIGHT}</arg>
<tag>BrowserControl</tag>
<tag>Setter</tag>
<doc>Sets current Pages viewport size to specified dimensions.</doc>
<msg timestamp="20210505 06:08:33.576" level="INFO">Set viewport size to: [object Object]</msg>
<status status="PASS" starttime="20210505 06:08:33.568" endtime="20210505 06:08:33.576"/>
</kw>
<status status="PASS" starttime="20210505 06:08:27.226" endtime="20210505 06:08:33.576"/>
</kw>
<test id="s1-s1-t1" name="Star a page and visit">
<kw name="Given that I visit the home page">
<kw name="Get Title" library="Browser">
<arg>should be</arg>
<arg>Parodifood | QAninja Academy</arg>
<tag>Assertion</tag>
<tag>Getter</tag>
<tag>PageContent</tag>
<doc>Returns the title of the current page.</doc>
<status status="PASS" starttime="20210505 06:08:33.607" endtime="20210505 06:08:33.610"/>
</kw>
<status status="PASS" starttime="20210505 06:08:33.607" endtime="20210505 06:08:33.610"/>
</kw>
<kw name="When I click in &quot;Estou com fome&quot; button" sourcename="When I click in &quot;${button}&quot; button">
<kw name="Click" library="Browser">
<arg>text=${button}</arg>
<tag>PageContent</tag>
<tag>Setter</tag>
<doc>Simulates mouse click on the element found by ``selector``.</doc>
<status status="PASS" starttime="20210505 06:08:33.611" endtime="20210505 06:08:33.686"/>
</kw>
<status status="PASS" starttime="20210505 06:08:33.610" endtime="20210505 06:08:33.687"/>
</kw>
<kw name="Then I must see the search bar">
<kw name="Get Text" library="Browser">
<arg>${searchText}</arg>
<arg>contains</arg>
<arg>Ta na hora de matar a fome!</arg>
<tag>Assertion</tag>
<tag>Getter</tag>
<tag>PageContent</tag>
<doc>Returns text attribute of the element found by ``selector``.
See the `Finding elements` section for details about the selectors.</doc>
<status status="PASS" starttime="20210505 06:08:33.688" endtime="20210505 06:08:33.713"/>
</kw>
<kw name="Click" library="Browser">
<arg>${searchButton}</arg>
<tag>PageContent</tag>
<tag>Setter</tag>
<doc>Simulates mouse click on the element found by ``selector``.</doc>
<status status="PASS" starttime="20210505 06:08:33.714" endtime="20210505 06:08:33.759"/>
</kw>
<kw name="Sleep" library="BuiltIn">
<arg>2</arg>
<doc>Pauses the test executed for the given time.</doc>
<msg timestamp="20210505 06:08:35.760" level="INFO">Slept 2 seconds</msg>
<status status="PASS" starttime="20210505 06:08:33.759" endtime="20210505 06:08:35.760"/>
</kw>
<status status="PASS" starttime="20210505 06:08:33.687" endtime="20210505 06:08:35.760"/>
</kw>
<status status="PASS" starttime="20210505 06:08:33.576" endtime="20210505 06:08:35.760"/>
</test>
<kw name="Close session" library="base" type="TEARDOWN">
<kw name="Take Screenshot" library="Browser">
<tag>PageContent</tag>
<doc>Takes a screenshot of the current window and saves it to ``path``. Saves it as a png.</doc>
<msg timestamp="20210505 06:08:35.835" level="INFO" html="true">&lt;/td&gt;&lt;/tr&gt;&lt;tr&gt;&lt;td colspan="3"&gt;&lt;a href="browser/screenshot/robotframework-browser-screenshot-1.png"&gt;&lt;img src="browser/screenshot/robotframework-browser-screenshot-1.png" width="800px"&gt;&lt;/a&gt;</msg>
<status status="PASS" starttime="20210505 06:08:35.765" endtime="20210505 06:08:35.835"/>
</kw>
<kw name="Close Browser" library="Browser">
<tag>BrowserControl</tag>
<tag>Setter</tag>
<doc>Closes the current browser. Activated browser is set to first active browser.
Closes all context and pages belonging to this browser.
See `Browser, Context and Page` for more information about Browser and related concepts.</doc>
<msg timestamp="20210505 06:08:35.979" level="INFO">Closed browser</msg>
<status status="PASS" starttime="20210505 06:08:35.835" endtime="20210505 06:08:35.979"/>
</kw>
<status status="PASS" starttime="20210505 06:08:35.765" endtime="20210505 06:08:35.979"/>
</kw>
<doc>As a User, I want to to be able to visit the Home page and check all content</doc>
<status status="PASS" starttime="20210505 06:08:26.528" endtime="20210505 06:08:35.979"/>
</suite>
<status status="PASS" starttime="20210505 06:08:26.508" endtime="20210505 06:08:35.984"/>
</suite>
<statistics>
<total>
<stat pass="1" fail="0" skip="0">All Tests</stat>
</total>
<tag>
</tag>
<suite>
<stat pass="1" fail="0" skip="0" id="s1" name="Tests">Tests</stat>
<stat pass="1" fail="0" skip="0" id="s1-s1" name="TC01 - visitHome">Tests.TC01 - visitHome</stat>
</suite>
</statistics>
<errors>
</errors>
</robot>
